<?xml version="1.0" encoding="UTF-8"?>
<!-- Generated by org.testng.reporters.JUnitXMLReporter -->
<testsuite hostname="DESKTOP-QDQTL22" ignored="0" name="Default test" tests="3" failures="0" timestamp="2020-02-11T17:33:49 IST" time="24.863" errors="0">
  <testcase name="verifylogo" time="0.15" classname="com.nopcommerce.test.EcommerceTest"/>
  <testcase name="login" time="11.01" classname="com.nopcommerce.test.EcommerceTest"/>
  <testcase name="registrationtest" time="0.006" classname="com.nopcommerce.test.EcommerceTest">
    <skipped/>
  </testcase> <!-- registrationtest -->
</testsuite> <!-- Default test -->
