<?xml version="1.0" encoding="UTF-8"?>
<!-- Generated by org.testng.reporters.JUnitXMLReporter -->
<testsuite hostname="DESKTOP-QDQTL22" ignored="0" name="Test" tests="3" failures="1" timestamp="2020-02-14T18:16:50 IST" time="99.597" errors="0">
  <testcase name="login" time="12.695" classname="com.nopcommerce.test.EcommerceTest"/>
  <testcase name="registrationtest" time="24.275" classname="com.nopcommerce.test.EcommerceTest">
    <failure type="java.lang.AssertionError" message="expected [The specified email already exists1] but found [[[ChromeDriver: chrome on WINDOWS (e9e154cf01b9ec6006ec27be9eb09fc9)] -&amp;gt; xpath: //li[text()=&amp;apos;The specified email already exists&amp;apos;]]]">
      <![CDATA[java.lang.AssertionError: expected [The specified email already exists1] but found [[[ChromeDriver: chrome on WINDOWS (e9e154cf01b9ec6006ec27be9eb09fc9)] -> xpath: //li[text()='The specified email already exists']]]
at com.nopcommerce.test.EcommerceTest.registrationtest(EcommerceTest.java:121)
at java.util.ArrayList.forEach(ArrayList.java:1257)
... Removed 35 stack frames]]>
    </failure>
  </testcase> <!-- registrationtest -->
  <testcase name="verifylogo" time="0.073" classname="com.nopcommerce.test.EcommerceTest"/>
</testsuite> <!-- Test -->
