<?xml version="1.0" encoding="UTF-8"?>
<testsuite xmlns:xsi="http://www.w3.org/2001/XMLSchema-instance" xsi:noNamespaceSchemaLocation="https://maven.apache.org/surefire/maven-surefire-plugin/xsd/surefire-test-report-3.0.xsd" version="3.0" name="TestSuite" time="101.954" tests="3" errors="0" skipped="0" failures="1">
  <properties>
[...]
</properties>
  <testcase name="login" classname="com.nopcommerce.test.EcommerceTest" time="12.698"/>
  <testcase name="registrationtest" classname="com.nopcommerce.test.EcommerceTest" time="24.642">
    <failure message="expected [The specified email already exists1] but found [[[ChromeDriver: chrome on WINDOWS (e9e154cf01b9ec6006ec27be9eb09fc9)] -&gt; xpath: //li[text()=&apos;The specified email already exists&apos;]]]" type="java.lang.AssertionError"><![CDATA[java.lang.AssertionError: expected [The specified email already exists1] but found [[[ChromeDriver: chrome on WINDOWS (e9e154cf01b9ec6006ec27be9eb09fc9)] -> xpath: //li[text()='The specified email already exists']]]
	at com.nopcommerce.test.EcommerceTest.registrationtest(EcommerceTest.java:121)
]]></failure>
    <system-out><![CDATA[I am in onTestStart method registrationtest start
I am in onTestFailure method registrationtest failed
Screenshot captured for test case:registrationtest
]]></system-out>
    <system-err><![CDATA[Starting ChromeDriver 80.0.3987.16 (320f6526c1632ad4f205ebce69b99a062ed78647-refs/branch-heads/3987@{#185}) on port 20071
Only local connections are allowed.
Please protect ports used by ChromeDriver and related test frameworks to prevent access by malicious code.
[1581684348.382][WARNING]: Timed out connecting to Chrome, retrying...
Feb 14, 2020 6:15:50 PM org.openqa.selenium.remote.ProtocolHandshake createSession
INFO: Detected dialect: W3C
Starting ChromeDriver 80.0.3987.16 (320f6526c1632ad4f205ebce69b99a062ed78647-refs/branch-heads/3987@{#185}) on port 29146
Only local connections are allowed.
Please protect ports used by ChromeDriver and related test frameworks to prevent access by malicious code.
[1581684353.645][WARNING]: Timed out connecting to Chrome, retrying...
Feb 14, 2020 6:15:55 PM org.openqa.selenium.remote.ProtocolHandshake createSession
INFO: Detected dialect: W3C
[1581684357.694][WARNING]: Timed out connecting to Chrome, retrying...
[1581684361.057][SEVERE]: Timed out receiving message from renderer: 0.100
[1581684361.173][SEVERE]: Timed out receiving message from renderer: 0.100
[1581684361.342][SEVERE]: Timed out receiving message from renderer: 0.100
[1581684361.552][SEVERE]: Timed out receiving message from renderer: 0.100
[1581684361.749][SEVERE]: Timed out receiving message from renderer: 0.100
[1581684361.861][SEVERE]: Timed out receiving message from renderer: 0.100
[1581684361.966][SEVERE]: Timed out receiving message from renderer: 0.100
[1581684362.067][SEVERE]: Timed out receiving message from renderer: 0.100
[1581684362.168][SEVERE]: Timed out receiving message from renderer: 0.100
[1581684362.270][SEVERE]: Timed out receiving message from renderer: 0.100
[1581684362.373][SEVERE]: Timed out receiving message from renderer: 0.100
[1581684362.479][SEVERE]: Timed out receiving message from renderer: 0.100
[1581684362.588][SEVERE]: Timed out receiving message from renderer: 0.100
[1581684362.693][SEVERE]: Timed out receiving message from renderer: 0.100
[1581684362.797][SEVERE]: Timed out receiving message from renderer: 0.100
[1581684362.900][SEVERE]: Timed out receiving message from renderer: 0.100
[1581684363.003][SEVERE]: Timed out receiving message from renderer: 0.100
[1581684363.106][SEVERE]: Timed out receiving message from renderer: 0.100
[1581684363.212][SEVERE]: Timed out receiving message from renderer: 0.100
[1581684363.315][SEVERE]: Timed out receiving message from renderer: 0.100
[1581684363.418][SEVERE]: Timed out receiving message from renderer: 0.100
[1581684363.523][SEVERE]: Timed out receiving message from renderer: 0.100
[1581684363.627][SEVERE]: Timed out receiving message from renderer: 0.100
[1581684363.729][SEVERE]: Timed out receiving message from renderer: 0.100
[1581684363.833][SEVERE]: Timed out receiving message from renderer: 0.100
[1581684363.936][SEVERE]: Timed out receiving message from renderer: 0.100
[1581684364.041][SEVERE]: Timed out receiving message from renderer: 0.100
[1581684364.144][SEVERE]: Timed out receiving message from renderer: 0.100
[1581684364.247][SEVERE]: Timed out receiving message from renderer: 0.100
[1581684364.351][SEVERE]: Timed out receiving message from renderer: 0.100
[1581684364.453][SEVERE]: Timed out receiving message from renderer: 0.100
[1581684364.558][SEVERE]: Timed out receiving message from renderer: 0.100
[1581684364.669][SEVERE]: Timed out receiving message from renderer: 0.100
[1581684364.773][SEVERE]: Timed out receiving message from renderer: 0.100
[1581684364.877][SEVERE]: Timed out receiving message from renderer: 0.100
[1581684365.034][SEVERE]: Timed out receiving message from renderer: 0.100
[1581684365.135][SEVERE]: Timed out receiving message from renderer: 0.100
[1581684365.238][SEVERE]: Timed out receiving message from renderer: 0.100
[1581684365.346][SEVERE]: Timed out receiving message from renderer: 0.100
[1581684365.452][SEVERE]: Timed out receiving message from renderer: 0.100
[1581684365.553][SEVERE]: Timed out receiving message from renderer: 0.100
[1581684365.656][SEVERE]: Timed out receiving message from renderer: 0.100
[1581684365.758][SEVERE]: Timed out receiving message from renderer: 0.100
[1581684365.862][SEVERE]: Timed out receiving message from renderer: 0.100
[1581684365.963][SEVERE]: Timed out receiving message from renderer: 0.100
[1581684366.068][SEVERE]: Timed out receiving message from renderer: 0.100
[1581684366.172][SEVERE]: Timed out receiving message from renderer: 0.100
[1581684366.278][SEVERE]: Timed out receiving message from renderer: 0.100
[1581684366.381][SEVERE]: Timed out receiving message from renderer: 0.100
[1581684366.483][SEVERE]: Timed out receiving message from renderer: 0.100
[1581684366.586][SEVERE]: Timed out receiving message from renderer: 0.100
[1581684366.691][SEVERE]: Timed out receiving message from renderer: 0.100
[1581684366.794][SEVERE]: Timed out receiving message from renderer: 0.100
[1581684366.895][SEVERE]: Timed out receiving message from renderer: 0.100
[1581684366.997][SEVERE]: Timed out receiving message from renderer: 0.100
[1581684367.100][SEVERE]: Timed out receiving message from renderer: 0.100
[1581684367.202][SEVERE]: Timed out receiving message from renderer: 0.100
[1581684367.326][SEVERE]: Timed out receiving message from renderer: 0.100
[1581684367.490][SEVERE]: Timed out receiving message from renderer: 0.100
[1581684367.591][SEVERE]: Timed out receiving message from renderer: 0.100
[1581684371.273][SEVERE]: Timed out receiving message from renderer: 0.100
[1581684390.016][SEVERE]: Timed out receiving message from renderer: 0.100
[1581684390.118][SEVERE]: Timed out receiving message from renderer: 0.100
]]></system-err>
  </testcase>
  <testcase name="verifylogo" classname="com.nopcommerce.test.EcommerceTest" time="0.073"/>
</testsuite>